<?xml version="1.0" encoding="UTF-8"?>
<!-- Generated by org.testng.reporters.JUnitReportReporter -->
<testsuite hostname="DESKTOP-GE6LMT5" failures="0" tests="2" name="Tests.FirstTest" time="0.008" errors="0" timestamp="2025-07-10T22:04:36 IST" skipped="0">
  <testcase classname="Tests.FirstTest" name="launchUrl" time="0.004"/>
  <testcase classname="Tests.FirstTest" name="launchUrl" time="0.004"/>
</testsuite> <!-- Tests.FirstTest -->
