<?xml version="1.0" encoding="UTF-8"?>
<!-- Generated by org.testng.reporters.JUnitReportReporter -->
<testsuite hostname="DESKTOP-GE6LMT5" failures="0" tests="2" name="Tests.TestCase" time="1.149" errors="0" timestamp="2025-07-16T15:21:19 IST" skipped="0">
  <testcase classname="Tests.TestCase" name="testCase01" time="0.651"/>
  <testcase classname="Tests.TestCase" name="testCase01" time="0.498"/>
</testsuite> <!-- Tests.TestCase -->
