<?xml version="1.0" encoding="UTF-8"?>
<!-- Generated by org.testng.reporters.JUnitReportReporter -->
<testsuite hostname="DESKTOP-GE6LMT5" failures="0" tests="1" name="Tests.Practice" time="2.882" errors="0" timestamp="2025-07-16T15:08:49 IST" skipped="0">
  <testcase classname="Tests.Practice" name="setUp" time="2.882"/>
</testsuite> <!-- Tests.Practice -->
